app/build/intermediates/manifest_merge_blame_file/debug/manifest-merger-blame-debug-report.txt
1<?xml version="1.0" encoding="utf-8"?>
2<manifest xmlns:android="http://schemas.android.com/apk/res/android"
3    package="com.example.login"
4    android:versionCode="1"
5    android:versionName="1.0" >
6
7    <uses-sdk
8        android:minSdkVersion="21"
8-->src\main\AndroidManifest.xml
9        android:targetSdkVersion="29" />
9-->src\main\AndroidManifest.xml
10
11    <application
11-->src\main\AndroidManifest.xml:5:5-32:19
12        android:allowBackup="true"
12-->src\main\AndroidManifest.xml:6:9-35
13        android:appComponentFactory="androidx.core.app.CoreComponentFactory"
13-->[androidx.core:core:1.0.1] AndroidManifest.xml:22:18-86
14        android:debuggable="true"
15        android:icon="@drawable/nfx"
15-->src\main\AndroidManifest.xml:7:9-37
16        android:label="@string/app_name"
16-->src\main\AndroidManifest.xml:8:9-41
17        android:roundIcon="@drawable/nfx"
17-->src\main\AndroidManifest.xml:9:9-42
18        android:supportsRtl="true"
18-->src\main\AndroidManifest.xml:10:9-35
19        android:testOnly="true"
20        android:theme="@style/AppTheme" >
20-->src\main\AndroidManifest.xml:11:9-40
21        <activity android:name="com.example.login.pass" />
21-->src\main\AndroidManifest.xml:12:9-51
21-->src\main\AndroidManifest.xml:12:19-39
22        <activity android:name="com.example.login.signup" />
22-->src\main\AndroidManifest.xml:13:9-44
22-->src\main\AndroidManifest.xml:13:19-41
23        <activity android:name="com.example.login.Class10" />
23-->src\main\AndroidManifest.xml:14:9-45
23-->src\main\AndroidManifest.xml:14:19-42
24        <activity android:name="com.example.login.Class9" />
24-->src\main\AndroidManifest.xml:15:9-44
24-->src\main\AndroidManifest.xml:15:19-41
25        <activity android:name="com.example.login.Class8" />
25-->src\main\AndroidManifest.xml:16:9-44
25-->src\main\AndroidManifest.xml:16:19-41
26        <activity android:name="com.example.login.Class7" />
26-->src\main\AndroidManifest.xml:17:9-44
26-->src\main\AndroidManifest.xml:17:19-41
27        <activity android:name="com.example.login.Class6" />
27-->src\main\AndroidManifest.xml:18:9-44
27-->src\main\AndroidManifest.xml:18:19-41
28        <activity android:name="com.example.login.Class5" />
28-->src\main\AndroidManifest.xml:19:9-44
28-->src\main\AndroidManifest.xml:19:19-41
29        <activity android:name="com.example.login.Class4" />
29-->src\main\AndroidManifest.xml:20:9-44
29-->src\main\AndroidManifest.xml:20:19-41
30        <activity android:name="com.example.login.Class3" />
30-->src\main\AndroidManifest.xml:21:9-44
30-->src\main\AndroidManifest.xml:21:19-41
31        <activity android:name="com.example.login.Class2" />
31-->src\main\AndroidManifest.xml:22:9-44
31-->src\main\AndroidManifest.xml:22:19-41
32        <activity android:name="com.example.login.Class1" />
32-->src\main\AndroidManifest.xml:23:9-44
32-->src\main\AndroidManifest.xml:23:19-41
33        <activity android:name="com.example.login.feed" />
33-->src\main\AndroidManifest.xml:24:9-41
33-->src\main\AndroidManifest.xml:24:19-39
34        <activity android:name="com.example.login.MainActivity" >
34-->src\main\AndroidManifest.xml:26:9-31:20
34-->src\main\AndroidManifest.xml:26:19-47
35            <intent-filter>
35-->src\main\AndroidManifest.xml:26:50-30:25
36                <action android:name="android.intent.action.MAIN" />
36-->src\main\AndroidManifest.xml:27:13-65
36-->src\main\AndroidManifest.xml:27:21-62
37
38                <category android:name="android.intent.category.LAUNCHER" />
38-->src\main\AndroidManifest.xml:29:13-73
38-->src\main\AndroidManifest.xml:29:23-70
39            </intent-filter>
40        </activity>
41    </application>
42
43</manifest>